c:\users\nick jang\desktop\wy_proj_directx_12_win32\wy_proj_directx_12_win32\debug\vc141.pdb
c:\users\nick jang\desktop\wy_proj_directx_12_win32\wy_proj_directx_12_win32\debug\vc141.idb
c:\users\nick jang\desktop\wy_proj_directx_12_win32\wy_proj_directx_12_win32\debug\main.obj
c:\users\nick jang\desktop\wy_proj_directx_12_win32\wy_proj_directx_12_win32\debug\mymodelloader.obj
c:\users\nick jang\desktop\wy_proj_directx_12_win32\wy_proj_directx_12_win32\debug\myspecialmodel.obj
c:\users\nick jang\desktop\wy_proj_directx_12_win32\wy_proj_directx_12_win32\debug\camera.obj
c:\users\nick jang\desktop\wy_proj_directx_12_win32_ver0002\wy_proj_directx_12_win32\debug\vc141.pdb
c:\users\nick jang\desktop\wy_proj_directx_12_win32_ver0002\wy_proj_directx_12_win32\debug\vc141.idb
c:\users\nick jang\desktop\wy_proj_directx_12_win32_ver0002\wy_proj_directx_12_win32\debug\camera.obj
c:\users\nick jang\desktop\wy_proj_directx_12_win32_ver0002\wy_proj_directx_12_win32\debug\main.obj
c:\users\nick jang\desktop\wy_proj_directx_12_win32_ver0002\wy_proj_directx_12_win32\debug\mymodelloader.obj
c:\users\nick jang\desktop\wy_proj_directx_12_win32_ver0002\wy_proj_directx_12_win32\debug\myspecialmodel.obj
c:\users\nick jang\desktop\wy_proj_directx_12_win32_ver0002\wy_proj_directx_12_win32\debug\line.obj
c:\users\nick jang\desktop\wy_proj_directx_12_win32\debug\pixelshader.cso
c:\users\nick jang\desktop\wy_proj_directx_12_win32\debug\vertexshader.cso
c:\users\nick jang\desktop\wy_proj_directx_12_win32_ver0002\debug\pixelshader.cso
c:\users\nick jang\desktop\wy_proj_directx_12_win32_ver0002\debug\vertexshader.cso
c:\users\nick jang\desktop\wy_proj_directx_12_win32_ver0002\debug\wy_proj_directx_12_win32.pdb
c:\users\nick jang\desktop\wy_proj_directx_12_win32_ver0002\wy_proj_directx_12_win32\debug\wy_proj_.f60dcda6.tlog\cl.command.1.tlog
c:\users\nick jang\desktop\wy_proj_directx_12_win32_ver0002\wy_proj_directx_12_win32\debug\wy_proj_.f60dcda6.tlog\cl.read.1.tlog
c:\users\nick jang\desktop\wy_proj_directx_12_win32_ver0002\wy_proj_directx_12_win32\debug\wy_proj_.f60dcda6.tlog\cl.write.1.tlog
c:\users\nick jang\desktop\wy_proj_directx_12_win32_ver0002\wy_proj_directx_12_win32\debug\wy_proj_.f60dcda6.tlog\fxc.command.1.tlog
c:\users\nick jang\desktop\wy_proj_directx_12_win32_ver0002\wy_proj_directx_12_win32\debug\wy_proj_.f60dcda6.tlog\fxc.read.1.tlog
c:\users\nick jang\desktop\wy_proj_directx_12_win32_ver0002\wy_proj_directx_12_win32\debug\wy_proj_.f60dcda6.tlog\fxc.write.1.tlog
c:\users\nick jang\desktop\wy_proj_directx_12_win32_ver0002\wy_proj_directx_12_win32\debug\wy_proj_.f60dcda6.tlog\link-cvtres.read.1.tlog
c:\users\nick jang\desktop\wy_proj_directx_12_win32_ver0002\wy_proj_directx_12_win32\debug\wy_proj_.f60dcda6.tlog\link-cvtres.write.1.tlog
c:\users\nick jang\desktop\wy_proj_directx_12_win32_ver0002\wy_proj_directx_12_win32\debug\wy_proj_.f60dcda6.tlog\link-rc.read.1.tlog
c:\users\nick jang\desktop\wy_proj_directx_12_win32_ver0002\wy_proj_directx_12_win32\debug\wy_proj_.f60dcda6.tlog\link-rc.write.1.tlog
c:\users\nick jang\desktop\wy_proj_directx_12_win32_ver0002\wy_proj_directx_12_win32\debug\wy_proj_.f60dcda6.tlog\link.command.1.tlog
c:\users\nick jang\desktop\wy_proj_directx_12_win32_ver0002\wy_proj_directx_12_win32\debug\wy_proj_.f60dcda6.tlog\link.read.1.tlog
c:\users\nick jang\desktop\wy_proj_directx_12_win32_ver0002\wy_proj_directx_12_win32\debug\wy_proj_.f60dcda6.tlog\link.write.1.tlog
c:\users\nick jang\desktop\wy_proj_directx_12_win32_ver0002\wy_proj_directx_12_win32\debug\wy_proj_.f60dcda6.tlog\wy_proj_directx_12_win32.write.1u.tlog
