c:\users\nickj\desktop\wy_proj_directx_12_win32\wy_proj_directx_12_win32\x64\debug\vc141.pdb
c:\users\nickj\desktop\wy_proj_directx_12_win32\wy_proj_directx_12_win32\x64\debug\vc141.idb
c:\users\nickj\desktop\wy_proj_directx_12_win32\wy_proj_directx_12_win32\x64\debug\camera.obj
c:\users\nickj\desktop\wy_proj_directx_12_win32\wy_proj_directx_12_win32\x64\debug\line.obj
c:\users\nickj\desktop\wy_proj_directx_12_win32\wy_proj_directx_12_win32\x64\debug\main.obj
c:\users\nickj\desktop\wy_proj_directx_12_win32\wy_proj_directx_12_win32\x64\debug\modelmtl.obj
c:\users\nickj\desktop\wy_proj_directx_12_win32\wy_proj_directx_12_win32\x64\debug\modelobj.obj
c:\users\nickj\desktop\wy_proj_directx_12_win32\wy_proj_directx_12_win32\x64\debug\myfont.obj
c:\users\nickj\desktop\wy_proj_directx_12_win32\wy_proj_directx_12_win32\x64\debug\mymodelanimation.obj
c:\users\nickj\desktop\wy_proj_directx_12_win32\wy_proj_directx_12_win32\x64\debug\mymodelanimationbone.obj
c:\users\nickj\desktop\wy_proj_directx_12_win32\wy_proj_directx_12_win32\x64\debug\mymodelanimationbonedata.obj
c:\users\nickj\desktop\wy_proj_directx_12_win32\wy_proj_directx_12_win32\x64\debug\mymodelarmature.obj
c:\users\nickj\desktop\wy_proj_directx_12_win32\wy_proj_directx_12_win32\x64\debug\mymodelarmaturebone.obj
c:\users\nickj\desktop\wy_proj_directx_12_win32\wy_proj_directx_12_win32\x64\debug\mymodelloader.obj
c:\users\nickj\desktop\wy_proj_directx_12_win32\wy_proj_directx_12_win32\x64\debug\mymodelmtl.obj
c:\users\nickj\desktop\wy_proj_directx_12_win32\wy_proj_directx_12_win32\x64\debug\mymodelobj.obj
c:\users\nickj\desktop\wy_proj_directx_12_win32\wy_proj_directx_12_win32\x64\debug\myspecialmodelobjmtl.obj
c:\users\nickj\desktop\wy_proj_directx_12_win32\wy_proj_directx_12_win32\x64\debug\util.obj
c:\users\nickj\desktop\wy_proj_directx_12_win32\x64\debug\pixelshader.cso
c:\users\nickj\desktop\wy_proj_directx_12_win32\x64\debug\textpixelshader.cso
c:\users\nickj\desktop\wy_proj_directx_12_win32\x64\debug\textvertexshader.cso
c:\users\nickj\desktop\wy_proj_directx_12_win32\x64\debug\vertexshader.cso
c:\users\nickj\desktop\wy_proj_directx_12_win32\x64\debug\wy_proj_directx_12_win32.ilk
c:\users\nickj\desktop\wy_proj_directx_12_win32\x64\debug\wy_proj_directx_12_win32.exe
c:\users\nickj\desktop\wy_proj_directx_12_win32\x64\debug\wy_proj_directx_12_win32.pdb
c:\users\nickj\desktop\wy_proj_directx_12_win32\wy_proj_directx_12_win32\x64\debug\wy_proj_.f60dcda6.tlog\cl.command.1.tlog
c:\users\nickj\desktop\wy_proj_directx_12_win32\wy_proj_directx_12_win32\x64\debug\wy_proj_.f60dcda6.tlog\cl.read.1.tlog
c:\users\nickj\desktop\wy_proj_directx_12_win32\wy_proj_directx_12_win32\x64\debug\wy_proj_.f60dcda6.tlog\cl.write.1.tlog
c:\users\nickj\desktop\wy_proj_directx_12_win32\wy_proj_directx_12_win32\x64\debug\wy_proj_.f60dcda6.tlog\fxc.command.1.tlog
c:\users\nickj\desktop\wy_proj_directx_12_win32\wy_proj_directx_12_win32\x64\debug\wy_proj_.f60dcda6.tlog\fxc.read.1.tlog
c:\users\nickj\desktop\wy_proj_directx_12_win32\wy_proj_directx_12_win32\x64\debug\wy_proj_.f60dcda6.tlog\fxc.write.1.tlog
c:\users\nickj\desktop\wy_proj_directx_12_win32\wy_proj_directx_12_win32\x64\debug\wy_proj_.f60dcda6.tlog\link.command.1.tlog
c:\users\nickj\desktop\wy_proj_directx_12_win32\wy_proj_directx_12_win32\x64\debug\wy_proj_.f60dcda6.tlog\link.read.1.tlog
c:\users\nickj\desktop\wy_proj_directx_12_win32\wy_proj_directx_12_win32\x64\debug\wy_proj_.f60dcda6.tlog\link.write.1.tlog
c:\users\nickj\desktop\wy_proj_directx_12_win32\wy_proj_directx_12_win32\x64\debug\wy_proj_.f60dcda6.tlog\wy_proj_directx_12_win32.write.1u.tlog
